0 info it worked if it ends with ok
1 verbose cli [ 'nodejs', '/usr/bin/npm', 'install' ]
2 info using npm@1.1.65
3 info using node@v0.8.14
4 verbose read json /root/aws-backup/package.json
5 error install Couldn't read dependencies
6 error Error: no version
6 error     at validVersion (/usr/lib/nodejs/npm/node_modules/read-package-json/read-json.js:535:32)
6 error     at final (/usr/lib/nodejs/npm/node_modules/read-package-json/read-json.js:297:23)
6 error     at /usr/lib/nodejs/npm/node_modules/read-package-json/read-json.js:119:33
6 error     at cb (/usr/lib/nodejs/npm/node_modules/slide/lib/async-map.js:48:11)
6 error     at /usr/lib/nodejs/npm/node_modules/read-package-json/read-json.js:249:40
6 error     at fs.readFile (fs.js:176:14)
6 error     at fs.close (/usr/lib/nodejs/npm/node_modules/graceful-fs/graceful-fs.js:90:5)
6 error     at Object.oncomplete (fs.js:297:15)
7 error If you need help, you may report this log at:
7 error     <http://github.com/isaacs/npm/issues>
7 error or email it to:
7 error     <npm-@googlegroups.com>
8 error System Linux 2.6.31.8
9 error command "nodejs" "/usr/bin/npm" "install"
10 error cwd /root/aws-backup
11 error node -v v0.8.14
12 error npm -v 1.1.65
13 verbose exit [ 1, true ]
